<?xml version="1.0" encoding="UTF-8"?>
<!-- Generated by org.testng.reporters.JUnitXMLReporter -->
<testsuite ignored="0" hostname="Keerti-SES" failures="1" tests="2" name="ChromeTest" time="16.228" errors="0" timestamp="2020-05-04T07:15:23 IST">
  <testcase classname="testcase.ProjectOfPunchin" name="testcase1" time="1.59">
    <failure type="org.apache.poi.openxml4j.exceptions.OpenXML4JRuntimeException" message="Fail to save: an error occurs while saving the package : Zip File is closed">
      <![CDATA[org.apache.poi.openxml4j.exceptions.OpenXML4JRuntimeException: Fail to save: an error occurs while saving the package : Zip File is closed
at org.apache.poi.openxml4j.opc.ZipPackage.saveImpl(ZipPackage.java:558)
at org.apache.poi.openxml4j.opc.OPCPackage.save(OPCPackage.java:1505)
at org.apache.poi.openxml4j.opc.OPCPackage.save(OPCPackage.java:1492)
at org.apache.poi.openxml4j.opc.ZipPackage.closeImpl(ZipPackage.java:431)
at org.apache.poi.openxml4j.opc.OPCPackage.close(OPCPackage.java:457)
at org.apache.poi.ooxml.POIXMLDocument.close(POIXMLDocument.java:204)
at org.apache.poi.xssf.usermodel.XSSFWorkbook.close(XSSFWorkbook.java:586)
at utilities.DbUtility.findScenarioRowNo(DbUtility.java:102)
at testcase.ProjectOfPunchin.testcase1(ProjectOfPunchin.java:30)
at java.base/java.util.ArrayList.forEach(ArrayList.java:1540)
at java.base/java.util.concurrent.FutureTask.run(FutureTask.java:264)
at java.base/java.util.concurrent.ThreadPoolExecutor.runWorker(ThreadPoolExecutor.java:1128)
at java.base/java.util.concurrent.ThreadPoolExecutor$Worker.run(ThreadPoolExecutor.java:628)
at java.base/java.lang.Thread.run(Thread.java:835)
Caused by: java.lang.IllegalStateException: Zip File is closed
at org.apache.poi.openxml4j.util.ZipFileZipEntrySource.getInputStream(ZipFileZipEntrySource.java:61)
at org.apache.poi.openxml4j.opc.ZipPackagePart.getInputStreamImpl(ZipPackagePart.java:107)
at org.apache.poi.openxml4j.opc.PackagePart.getInputStream(PackagePart.java:508)
at org.apache.poi.openxml4j.opc.internal.marshallers.ZipPartMarshaller.marshall(ZipPartMarshaller.java:83)
at org.apache.poi.openxml4j.opc.ZipPackagePart.save(ZipPackagePart.java:128)
at org.apache.poi.openxml4j.opc.internal.marshallers.DefaultMarshaller.marshall(DefaultMarshaller.java:43)
at org.apache.poi.openxml4j.opc.ZipPackage.saveImpl(ZipPackage.java:545)
... 31 more
... Removed 18 stack frames]]>
    </failure>
  </testcase> <!-- testcase1 -->
  <testcase classname="testcase.ProjectOfPunchin" name="testcase1" time="16.15"/>
</testsuite> <!-- ChromeTest -->
